Started GET "/" for 127.0.0.1 at 2023-04-13 20:11:26 +0300
Processing by Rails::WelcomeController#index as HTML
  Rendering /usr/share/rvm/gems/ruby-3.1.3/gems/railties-7.0.4.3/lib/rails/templates/rails/welcome/index.html.erb
  Rendered /usr/share/rvm/gems/ruby-3.1.3/gems/railties-7.0.4.3/lib/rails/templates/rails/welcome/index.html.erb (Duration: 1.0ms | Allocations: 635)
Completed 200 OK in 10ms (Views: 4.1ms | ActiveRecord: 0.0ms | Allocations: 5087)


Started GET "/" for 127.0.0.1 at 2023-04-13 22:14:33 +0300
Processing by Rails::WelcomeController#index as HTML
  Rendering /usr/share/rvm/gems/ruby-3.1.3/gems/railties-7.0.4.3/lib/rails/templates/rails/welcome/index.html.erb
  Rendered /usr/share/rvm/gems/ruby-3.1.3/gems/railties-7.0.4.3/lib/rails/templates/rails/welcome/index.html.erb (Duration: 0.6ms | Allocations: 296)
Completed 200 OK in 2ms (Views: 1.6ms | Allocations: 1006)


Started GET "/" for 127.0.0.1 at 2023-04-13 22:14:34 +0300
Processing by Rails::WelcomeController#index as HTML
  Rendering /usr/share/rvm/gems/ruby-3.1.3/gems/railties-7.0.4.3/lib/rails/templates/rails/welcome/index.html.erb
  Rendered /usr/share/rvm/gems/ruby-3.1.3/gems/railties-7.0.4.3/lib/rails/templates/rails/welcome/index.html.erb (Duration: 0.0ms | Allocations: 16)
Completed 200 OK in 1ms (Views: 0.3ms | Allocations: 250)


Started GET "/" for 127.0.0.1 at 2023-04-13 22:14:35 +0300
Processing by Rails::WelcomeController#index as HTML
  Rendering /usr/share/rvm/gems/ruby-3.1.3/gems/railties-7.0.4.3/lib/rails/templates/rails/welcome/index.html.erb
  Rendered /usr/share/rvm/gems/ruby-3.1.3/gems/railties-7.0.4.3/lib/rails/templates/rails/welcome/index.html.erb (Duration: 0.1ms | Allocations: 16)
Completed 200 OK in 1ms (Views: 0.4ms | Allocations: 223)


Started GET "/" for 127.0.0.1 at 2023-04-13 22:14:35 +0300
Processing by Rails::WelcomeController#index as HTML
  Rendering /usr/share/rvm/gems/ruby-3.1.3/gems/railties-7.0.4.3/lib/rails/templates/rails/welcome/index.html.erb
  Rendered /usr/share/rvm/gems/ruby-3.1.3/gems/railties-7.0.4.3/lib/rails/templates/rails/welcome/index.html.erb (Duration: 0.0ms | Allocations: 15)
Completed 200 OK in 0ms (Views: 0.3ms | Allocations: 218)


Started GET "/" for 127.0.0.1 at 2023-04-13 23:29:13 +0300
Processing by Rails::WelcomeController#index as HTML
  Rendering /usr/share/rvm/gems/ruby-3.1.3/gems/railties-7.0.4.3/lib/rails/templates/rails/welcome/index.html.erb
  Rendered /usr/share/rvm/gems/ruby-3.1.3/gems/railties-7.0.4.3/lib/rails/templates/rails/welcome/index.html.erb (Duration: 3.4ms | Allocations: 527)
Completed 200 OK in 19ms (Views: 6.5ms | ActiveRecord: 0.0ms | Allocations: 3748)


Started GET "/" for 127.0.0.1 at 2023-04-13 23:29:25 +0300
Processing by Rails::WelcomeController#index as HTML
  Rendering /usr/share/rvm/gems/ruby-3.1.3/gems/railties-7.0.4.3/lib/rails/templates/rails/welcome/index.html.erb
  Rendered /usr/share/rvm/gems/ruby-3.1.3/gems/railties-7.0.4.3/lib/rails/templates/rails/welcome/index.html.erb (Duration: 0.5ms | Allocations: 296)
Completed 200 OK in 3ms (Views: 2.1ms | ActiveRecord: 0.0ms | Allocations: 1016)


Started GET "/" for 127.0.0.1 at 2023-04-17 03:57:48 +0300
Processing by Rails::WelcomeController#index as HTML
  Rendering /usr/share/rvm/gems/ruby-3.1.3/gems/railties-7.0.4.3/lib/rails/templates/rails/welcome/index.html.erb
  Rendered /usr/share/rvm/gems/ruby-3.1.3/gems/railties-7.0.4.3/lib/rails/templates/rails/welcome/index.html.erb (Duration: 1.2ms | Allocations: 527)
Completed 200 OK in 10ms (Views: 3.3ms | ActiveRecord: 0.0ms | Allocations: 3749)


Started GET "/" for 127.0.0.1 at 2023-04-18 21:27:28 +0300
Processing by Rails::WelcomeController#index as HTML
  Rendering /usr/share/rvm/gems/ruby-3.1.3/gems/railties-7.0.4.3/lib/rails/templates/rails/welcome/index.html.erb
  Rendered /usr/share/rvm/gems/ruby-3.1.3/gems/railties-7.0.4.3/lib/rails/templates/rails/welcome/index.html.erb (Duration: 2.2ms | Allocations: 527)
Completed 200 OK in 11ms (Views: 3.7ms | ActiveRecord: 0.0ms | Allocations: 3747)


Started GET "/" for 127.0.0.1 at 2023-04-18 21:27:32 +0300
Processing by Rails::WelcomeController#index as HTML
  Rendering /usr/share/rvm/gems/ruby-3.1.3/gems/railties-7.0.4.3/lib/rails/templates/rails/welcome/index.html.erb
  Rendered /usr/share/rvm/gems/ruby-3.1.3/gems/railties-7.0.4.3/lib/rails/templates/rails/welcome/index.html.erb (Duration: 0.6ms | Allocations: 296)
Completed 200 OK in 2ms (Views: 1.3ms | ActiveRecord: 0.0ms | Allocations: 1016)


Started GET "/" for 127.0.0.1 at 2023-04-18 22:03:32 +0300
Processing by HomeController#index as HTML
  Rendering layout layouts/application.html.erb
  Rendering home/index.html.erb within layouts/application
  Rendered home/index.html.erb within layouts/application (Duration: 0.5ms | Allocations: 333)
  Rendered layout layouts/application.html.erb (Duration: 20.9ms | Allocations: 4998)
Completed 500 Internal Server Error in 26ms (ActiveRecord: 0.0ms | Allocations: 8346)


  
ActionView::Template::Error (Error: File to import not found or unreadable: bootstrap/scss/bootstrap.
        on line 1:1 of app/assets/stylesheets/application.scss
>> @import "bootstrap/scss/bootstrap";

   ^
):
     6:     <%= csrf_meta_tags %>
     7:     <%= csp_meta_tag %>
     8: 
     9:     <%= stylesheet_link_tag "application", "data-turbo-track": "reload" %>
    10:     <%= javascript_importmap_tags %>
    11:   </head>
    12: 
  
app/assets/stylesheets/application.scss:1
app/views/layouts/application.html.erb:9
Started GET "/" for 127.0.0.1 at 2023-04-18 22:03:34 +0300
Processing by HomeController#index as HTML
  Rendering layout layouts/application.html.erb
  Rendering home/index.html.erb within layouts/application
  Rendered home/index.html.erb within layouts/application (Duration: 0.0ms | Allocations: 7)
  Rendered layout layouts/application.html.erb (Duration: 3.1ms | Allocations: 2839)
Completed 500 Internal Server Error in 4ms (ActiveRecord: 0.0ms | Allocations: 3117)


  
ActionView::Template::Error (Error: File to import not found or unreadable: bootstrap/scss/bootstrap.
        on line 1:1 of app/assets/stylesheets/application.scss
>> @import "bootstrap/scss/bootstrap";

   ^
):
     6:     <%= csrf_meta_tags %>
     7:     <%= csp_meta_tag %>
     8: 
     9:     <%= stylesheet_link_tag "application", "data-turbo-track": "reload" %>
    10:     <%= javascript_importmap_tags %>
    11:   </head>
    12: 
  
app/assets/stylesheets/application.scss:1
app/views/layouts/application.html.erb:9
Started GET "/" for 127.0.0.1 at 2023-04-18 22:03:59 +0300
Processing by HomeController#index as HTML
  Rendering layout layouts/application.html.erb
  Rendering home/index.html.erb within layouts/application
  Rendered home/index.html.erb within layouts/application (Duration: 0.0ms | Allocations: 7)
  Rendered layout layouts/application.html.erb (Duration: 3.6ms | Allocations: 2669)
Completed 500 Internal Server Error in 4ms (ActiveRecord: 0.0ms | Allocations: 2907)


  
ActionView::Template::Error (Error: File to import not found or unreadable: bootstrap/scss/bootstrap.
        on line 1:1 of app/assets/stylesheets/application.scss
>> @import "bootstrap/scss/bootstrap"

   ^
):
     6:     <%= csrf_meta_tags %>
     7:     <%= csp_meta_tag %>
     8: 
     9:     <%= stylesheet_link_tag "application", "data-turbo-track": "reload" %>
    10:     <%= javascript_importmap_tags %>
    11:   </head>
    12: 
  
app/assets/stylesheets/application.scss:1
app/views/layouts/application.html.erb:9
Started GET "/" for 127.0.0.1 at 2023-04-18 22:05:37 +0300
Processing by HomeController#index as HTML
  Rendering layout layouts/application.html.erb
  Rendering home/index.html.erb within layouts/application
  Rendered home/index.html.erb within layouts/application (Duration: 0.0ms | Allocations: 7)
  Rendered layout layouts/application.html.erb (Duration: 3.2ms | Allocations: 2648)
Completed 500 Internal Server Error in 4ms (ActiveRecord: 0.0ms | Allocations: 2882)


  
ActionView::Template::Error (Error: File to import not found or unreadable: bootstrap/scss/bootstrap.
        on line 1:1 of app/assets/stylesheets/application.scss
>> @import "bootstrap/scss/bootstrap";

   ^
):
     6:     <%= csrf_meta_tags %>
     7:     <%= csp_meta_tag %>
     8: 
     9:     <%= stylesheet_link_tag "application", "data-turbo-track": "reload" %>
    10:     <%= javascript_importmap_tags %>
    11:   </head>
    12: 
  
app/assets/stylesheets/application.scss:1
app/views/layouts/application.html.erb:9
Started GET "/" for 127.0.0.1 at 2023-04-18 22:05:38 +0300
Processing by HomeController#index as HTML
  Rendering layout layouts/application.html.erb
  Rendering home/index.html.erb within layouts/application
  Rendered home/index.html.erb within layouts/application (Duration: 0.0ms | Allocations: 7)
  Rendered layout layouts/application.html.erb (Duration: 3.1ms | Allocations: 2606)
Completed 500 Internal Server Error in 4ms (ActiveRecord: 0.0ms | Allocations: 2844)


  
ActionView::Template::Error (Error: File to import not found or unreadable: bootstrap/scss/bootstrap.
        on line 1:1 of app/assets/stylesheets/application.scss
>> @import "bootstrap/scss/bootstrap";

   ^
):
     6:     <%= csrf_meta_tags %>
     7:     <%= csp_meta_tag %>
     8: 
     9:     <%= stylesheet_link_tag "application", "data-turbo-track": "reload" %>
    10:     <%= javascript_importmap_tags %>
    11:   </head>
    12: 
  
app/assets/stylesheets/application.scss:1
app/views/layouts/application.html.erb:9
Started GET "/" for 127.0.0.1 at 2023-04-18 22:07:18 +0300
Processing by HomeController#index as HTML
  Rendering layout layouts/application.html.erb
  Rendering home/index.html.erb within layouts/application
  Rendered home/index.html.erb within layouts/application (Duration: 0.7ms | Allocations: 334)
  Rendered layout layouts/application.html.erb (Duration: 11.1ms | Allocations: 4500)
Completed 500 Internal Server Error in 17ms (ActiveRecord: 0.0ms | Allocations: 7857)


  
ActionView::Template::Error (Error: File to import not found or unreadable: node_modules/bootstrap/scss/bootstrap.
        on line 1:1 of app/assets/stylesheets/application.scss
>> @import "node_modules/bootstrap/scss/bootstrap";

   ^
):
     6:     <%= csrf_meta_tags %>
     7:     <%= csp_meta_tag %>
     8: 
     9:     <%= stylesheet_link_tag "application", "data-turbo-track": "reload" %>
    10:     <%= javascript_importmap_tags %>
    11:   </head>
    12: 
  
app/assets/stylesheets/application.scss:1
app/views/layouts/application.html.erb:9
Started GET "/" for 127.0.0.1 at 2023-04-18 22:07:20 +0300
Processing by HomeController#index as HTML
  Rendering layout layouts/application.html.erb
  Rendering home/index.html.erb within layouts/application
  Rendered home/index.html.erb within layouts/application (Duration: 0.1ms | Allocations: 7)
  Rendered layout layouts/application.html.erb (Duration: 3.9ms | Allocations: 2839)
Completed 500 Internal Server Error in 5ms (ActiveRecord: 0.0ms | Allocations: 3117)


  
ActionView::Template::Error (Error: File to import not found or unreadable: node_modules/bootstrap/scss/bootstrap.
        on line 1:1 of app/assets/stylesheets/application.scss
>> @import "node_modules/bootstrap/scss/bootstrap";

   ^
):
     6:     <%= csrf_meta_tags %>
     7:     <%= csp_meta_tag %>
     8: 
     9:     <%= stylesheet_link_tag "application", "data-turbo-track": "reload" %>
    10:     <%= javascript_importmap_tags %>
    11:   </head>
    12: 
  
app/assets/stylesheets/application.scss:1
app/views/layouts/application.html.erb:9
Started GET "/users" for 127.0.0.1 at 2023-04-18 22:07:47 +0300
  
ActionController::RoutingError (No route matches [GET] "/users"):
  
Started GET "/" for 127.0.0.1 at 2023-04-18 22:07:52 +0300
Processing by HomeController#index as HTML
  Rendering layout layouts/application.html.erb
  Rendering home/index.html.erb within layouts/application
  Rendered home/index.html.erb within layouts/application (Duration: 0.0ms | Allocations: 7)
  Rendered layout layouts/application.html.erb (Duration: 3.3ms | Allocations: 2798)
Completed 500 Internal Server Error in 4ms (ActiveRecord: 0.0ms | Allocations: 3073)


  
ActionView::Template::Error (Error: File to import not found or unreadable: node_modules/bootstrap/scss/bootstrap.
        on line 1:1 of app/assets/stylesheets/application.scss
>> @import "node_modules/bootstrap/scss/bootstrap";

   ^
):
     6:     <%= csrf_meta_tags %>
     7:     <%= csp_meta_tag %>
     8: 
     9:     <%= stylesheet_link_tag "application", "data-turbo-track": "reload" %>
    10:     <%= javascript_importmap_tags %>
    11:   </head>
    12: 
  
app/assets/stylesheets/application.scss:1
app/views/layouts/application.html.erb:9
Started GET "/" for 127.0.0.1 at 2023-04-18 22:08:44 +0300
Processing by HomeController#index as HTML
  Rendering layout layouts/application.html.erb
  Rendering home/index.html.erb within layouts/application
  Rendered home/index.html.erb within layouts/application (Duration: 0.0ms | Allocations: 7)
  Rendered layout layouts/application.html.erb (Duration: 4817.0ms | Allocations: 130244)
Completed 200 OK in 4818ms (Views: 4817.4ms | ActiveRecord: 0.0ms | Allocations: 130551)


Started GET "/" for 127.0.0.1 at 2023-04-18 22:12:05 +0300
Processing by HomeController#index as HTML
  Rendering layout layouts/application.html.erb
  Rendering home/index.html.erb within layouts/application
  Rendered home/index.html.erb within layouts/application (Duration: 0.2ms | Allocations: 128)
  Rendered home/_header.html.erb (Duration: 0.3ms | Allocations: 92)
  Rendered layout layouts/application.html.erb (Duration: 6.4ms | Allocations: 6511)
Completed 200 OK in 8ms (Views: 7.6ms | ActiveRecord: 0.0ms | Allocations: 7353)


Started GET "/" for 127.0.0.1 at 2023-04-18 22:22:04 +0300
  
SyntaxError (/home/sake/SiteProjects/platform/Volunteer-platform/site/app/controllers/home_controller.rb:7: syntax error, unexpected `end', expecting end-of-input):
  
app/controllers/home_controller.rb:7: syntax error, unexpected `end', expecting end-of-input
app/controllers/home_controller.rb:7: syntax error, unexpected `end', expecting end-of-input
app/controllers/home_controller.rb:7: syntax error, unexpected `end', expecting end-of-input
Started GET "/" for 127.0.0.1 at 2023-04-18 22:22:06 +0300
  
SyntaxError (/home/sake/SiteProjects/platform/Volunteer-platform/site/app/controllers/home_controller.rb:7: syntax error, unexpected `end', expecting end-of-input):
  
app/controllers/home_controller.rb:7: syntax error, unexpected `end', expecting end-of-input
app/controllers/home_controller.rb:7: syntax error, unexpected `end', expecting end-of-input
app/controllers/home_controller.rb:7: syntax error, unexpected `end', expecting end-of-input
Started GET "/" for 127.0.0.1 at 2023-04-18 22:22:19 +0300
Processing by HomeController#index as HTML
  Rendering layout layouts/application.html.erb
  Rendering home/index.html.erb within layouts/application
  Rendered home/index.html.erb within layouts/application (Duration: 0.3ms | Allocations: 124)
  Rendered home/_header.html.erb (Duration: 0.3ms | Allocations: 93)
  Rendered layout layouts/application.html.erb (Duration: 14.8ms | Allocations: 18040)
Completed 200 OK in 16ms (Views: 15.8ms | Allocations: 18969)


Started GET "/" for 127.0.0.1 at 2023-04-18 22:25:05 +0300
Processing by HomeController#index as HTML
  Rendering layout layouts/application.html.erb
  Rendering home/index.html.erb within layouts/application
  Rendered home/index.html.erb within layouts/application (Duration: 0.2ms | Allocations: 123)
  Rendered home/_header.html.erb (Duration: 0.4ms | Allocations: 92)
  Rendered home/_header.html.erb (Duration: 0.0ms | Allocations: 8)
  Rendered layout layouts/application.html.erb (Duration: 8.3ms | Allocations: 8058)
Completed 200 OK in 10ms (Views: 9.5ms | Allocations: 8908)


Started GET "/" for 127.0.0.1 at 2023-04-18 22:25:13 +0300
Processing by HomeController#index as HTML
  Rendering layout layouts/application.html.erb
  Rendering home/index.html.erb within layouts/application
  Rendered home/index.html.erb within layouts/application (Duration: 0.3ms | Allocations: 123)
  Rendered home/_header.html.erb (Duration: 0.4ms | Allocations: 92)
  Rendered layout layouts/application.html.erb (Duration: 6.5ms | Allocations: 6486)
Completed 200 OK in 8ms (Views: 7.5ms | Allocations: 7334)


Started GET "/" for 127.0.0.1 at 2023-04-18 22:31:22 +0300
Processing by HomeController#index as HTML
  Rendering layout layouts/application.html.erb
  Rendering home/index.html.erb within layouts/application
  Rendered home/index.html.erb within layouts/application (Duration: 1.0ms | Allocations: 334)
  Rendered home/_header.html.erb (Duration: 0.5ms | Allocations: 99)
  Rendered layout layouts/application.html.erb (Duration: 49.4ms | Allocations: 44036)
Completed 200 OK in 56ms (Views: 52.4ms | ActiveRecord: 0.0ms | Allocations: 47435)


Started GET "/" for 127.0.0.1 at 2023-04-18 22:32:05 +0300
Processing by HomeController#index as HTML
  Rendering layout layouts/application.html.erb
  Rendering home/index.html.erb within layouts/application
  Rendered home/index.html.erb within layouts/application (Duration: 0.3ms | Allocations: 123)
  Rendered home/_header.html.erb (Duration: 0.4ms | Allocations: 99)
  Rendered layout layouts/application.html.erb (Duration: 6.6ms | Allocations: 6500)
Completed 200 OK in 8ms (Views: 7.6ms | ActiveRecord: 0.0ms | Allocations: 7401)


Started GET "/" for 127.0.0.1 at 2023-04-18 22:32:59 +0300
Processing by HomeController#index as HTML
  Rendering layout layouts/application.html.erb
  Rendering home/index.html.erb within layouts/application
  Rendered home/index.html.erb within layouts/application (Duration: 0.3ms | Allocations: 124)
  Rendered home/_header.html.erb (Duration: 0.4ms | Allocations: 98)
  Rendered layout layouts/application.html.erb (Duration: 6.9ms | Allocations: 6500)
Completed 200 OK in 9ms (Views: 8.1ms | ActiveRecord: 0.0ms | Allocations: 7368)


Started GET "/" for 127.0.0.1 at 2023-04-18 22:34:23 +0300
Processing by HomeController#index as HTML
  Rendering layout layouts/application.html.erb
  Rendering home/index.html.erb within layouts/application
  Rendered home/index.html.erb within layouts/application (Duration: 0.3ms | Allocations: 124)
  Rendered home/_header.html.erb (Duration: 0.4ms | Allocations: 125)
  Rendered layout layouts/application.html.erb (Duration: 6.6ms | Allocations: 6512)
Completed 200 OK in 8ms (Views: 7.8ms | ActiveRecord: 0.0ms | Allocations: 7380)


Started GET "/" for 127.0.0.1 at 2023-04-18 22:35:43 +0300
Processing by HomeController#index as HTML
  Rendering layout layouts/application.html.erb
  Rendering home/index.html.erb within layouts/application
  Rendered home/index.html.erb within layouts/application (Duration: 0.3ms | Allocations: 123)
  Rendered home/_header.html.erb (Duration: 0.5ms | Allocations: 124)
  Rendered layout layouts/application.html.erb (Duration: 6.5ms | Allocations: 6507)
Completed 200 OK in 8ms (Views: 7.6ms | ActiveRecord: 0.0ms | Allocations: 7375)


Started GET "/" for 127.0.0.1 at 2023-04-18 22:36:30 +0300
Processing by HomeController#index as HTML
  Rendering layout layouts/application.html.erb
  Rendering home/index.html.erb within layouts/application
  Rendered home/index.html.erb within layouts/application (Duration: 0.3ms | Allocations: 123)
  Rendered home/_header.html.erb (Duration: 0.4ms | Allocations: 124)
  Rendered layout layouts/application.html.erb (Duration: 6.7ms | Allocations: 6519)
Completed 200 OK in 8ms (Views: 7.8ms | ActiveRecord: 0.0ms | Allocations: 7377)


Started GET "/" for 127.0.0.1 at 2023-04-18 22:38:42 +0300
Processing by HomeController#index as HTML
  Rendering layout layouts/application.html.erb
  Rendering home/index.html.erb within layouts/application
  Rendered home/index.html.erb within layouts/application (Duration: 0.3ms | Allocations: 123)
  Rendered home/_header.html.erb (Duration: 0.3ms | Allocations: 124)
  Rendered layout layouts/application.html.erb (Duration: 7.1ms | Allocations: 6530)
Completed 200 OK in 9ms (Views: 8.4ms | Allocations: 7378)


Started GET "/" for 127.0.0.1 at 2023-04-18 22:38:43 +0300
Processing by HomeController#index as HTML
  Rendering layout layouts/application.html.erb
  Rendering home/index.html.erb within layouts/application
  Rendered home/index.html.erb within layouts/application (Duration: 0.0ms | Allocations: 7)
  Rendered home/_header.html.erb (Duration: 0.0ms | Allocations: 9)
  Rendered layout layouts/application.html.erb (Duration: 5.3ms | Allocations: 5710)
Completed 200 OK in 6ms (Views: 5.8ms | Allocations: 5985)


Started GET "/" for 127.0.0.1 at 2023-04-18 22:40:54 +0300
Processing by HomeController#index as HTML
  Rendering layout layouts/application.html.erb
  Rendering home/index.html.erb within layouts/application
  Rendered home/index.html.erb within layouts/application (Duration: 0.3ms | Allocations: 126)
  Rendered home/_header.html.erb (Duration: 0.3ms | Allocations: 99)
  Rendered layout layouts/application.html.erb (Duration: 9.2ms | Allocations: 6591)
Completed 200 OK in 12ms (Views: 11.3ms | Allocations: 7425)


Started GET "/" for 127.0.0.1 at 2023-04-18 22:40:55 +0300
Processing by HomeController#index as HTML
  Rendering layout layouts/application.html.erb
  Rendering home/index.html.erb within layouts/application
  Rendered home/index.html.erb within layouts/application (Duration: 0.0ms | Allocations: 7)
  Rendered home/_header.html.erb (Duration: 0.0ms | Allocations: 9)
  Rendered layout layouts/application.html.erb (Duration: 6.2ms | Allocations: 5716)
Completed 200 OK in 7ms (Views: 6.5ms | Allocations: 5990)


Started GET "/" for 127.0.0.1 at 2023-04-18 22:40:56 +0300
Processing by HomeController#index as HTML
  Rendering layout layouts/application.html.erb
  Rendering home/index.html.erb within layouts/application
  Rendered home/index.html.erb within layouts/application (Duration: 0.0ms | Allocations: 7)
  Rendered home/_header.html.erb (Duration: 0.0ms | Allocations: 9)
  Rendered layout layouts/application.html.erb (Duration: 6.0ms | Allocations: 5717)
Completed 200 OK in 7ms (Views: 6.4ms | Allocations: 5973)


Started GET "/" for 127.0.0.1 at 2023-04-18 22:42:00 +0300
Processing by HomeController#index as HTML
  Rendering layout layouts/application.html.erb
  Rendering home/index.html.erb within layouts/application
  Rendered home/index.html.erb within layouts/application (Duration: 0.3ms | Allocations: 124)
  Rendered home/_header.html.erb (Duration: 0.3ms | Allocations: 98)
  Rendered layout layouts/application.html.erb (Duration: 6.7ms | Allocations: 6586)
Completed 200 OK in 8ms (Views: 7.9ms | Allocations: 7419)


Started GET "/" for 127.0.0.1 at 2023-04-18 22:42:21 +0300
Processing by HomeController#index as HTML
  Rendering layout layouts/application.html.erb
  Rendering home/index.html.erb within layouts/application
  Rendered home/index.html.erb within layouts/application (Duration: 0.0ms | Allocations: 7)
  Rendered home/_header.html.erb (Duration: 0.0ms | Allocations: 9)
  Rendered layout layouts/application.html.erb (Duration: 6.8ms | Allocations: 5651)
Completed 200 OK in 7ms (Views: 7.2ms | Allocations: 5925)


Started GET "/" for 127.0.0.1 at 2023-04-18 22:42:30 +0300
Processing by HomeController#index as HTML
  Rendering layout layouts/application.html.erb
  Rendering home/index.html.erb within layouts/application
  Rendered home/index.html.erb within layouts/application (Duration: 0.2ms | Allocations: 123)
  Rendered home/_header.html.erb (Duration: 0.3ms | Allocations: 98)
  Rendered layout layouts/application.html.erb (Duration: 8.3ms | Allocations: 6498)
Completed 200 OK in 10ms (Views: 9.9ms | Allocations: 7328)


Started GET "/" for 127.0.0.1 at 2023-04-18 22:42:31 +0300
Processing by HomeController#index as HTML
  Rendering layout layouts/application.html.erb
  Rendering home/index.html.erb within layouts/application
  Rendered home/index.html.erb within layouts/application (Duration: 0.1ms | Allocations: 7)
  Rendered home/_header.html.erb (Duration: 0.0ms | Allocations: 9)
  Rendered layout layouts/application.html.erb (Duration: 5.9ms | Allocations: 5719)
Completed 200 OK in 7ms (Views: 6.3ms | Allocations: 5994)


Started GET "/" for 127.0.0.1 at 2023-04-18 22:42:38 +0300
Processing by HomeController#index as HTML
  Rendering layout layouts/application.html.erb
  Rendering home/index.html.erb within layouts/application
  Rendered home/index.html.erb within layouts/application (Duration: 0.2ms | Allocations: 123)
  Rendered home/_header.html.erb (Duration: 0.7ms | Allocations: 98)
  Rendered layout layouts/application.html.erb (Duration: 7.1ms | Allocations: 6494)
Completed 200 OK in 9ms (Views: 8.0ms | Allocations: 7324)


Started GET "/" for 127.0.0.1 at 2023-04-18 22:45:27 +0300
Processing by HomeController#index as HTML
  Rendering layout layouts/application.html.erb
  Rendering home/index.html.erb within layouts/application
  Rendered home/index.html.erb within layouts/application (Duration: 0.2ms | Allocations: 123)
  Rendered layout layouts/application.html.erb (Duration: 10.5ms | Allocations: 6257)
Completed 200 OK in 12ms (Views: 11.6ms | Allocations: 7106)


Started GET "/" for 127.0.0.1 at 2023-04-18 22:45:37 +0300
Processing by HomeController#index as HTML
  Rendering layout layouts/application.html.erb
  Rendering home/index.html.erb within layouts/application
  Rendered home/index.html.erb within layouts/application (Duration: 0.3ms | Allocations: 123)
  Rendered home/_header.html.erb (Duration: 0.5ms | Allocations: 98)
  Rendered layout layouts/application.html.erb (Duration: 6.5ms | Allocations: 6484)
Completed 200 OK in 8ms (Views: 7.9ms | Allocations: 7332)


Started GET "/" for 127.0.0.1 at 2023-04-18 22:45:51 +0300
Processing by HomeController#index as HTML
  Rendering layout layouts/application.html.erb
  Rendering home/index.html.erb within layouts/application
  Rendered home/index.html.erb within layouts/application (Duration: 0.3ms | Allocations: 123)
  Rendered layout layouts/application.html.erb (Duration: 5.7ms | Allocations: 6248)
Completed 200 OK in 9ms (Views: 8.8ms | Allocations: 7097)


Started GET "/" for 127.0.0.1 at 2023-04-18 22:47:21 +0300
Processing by HomeController#index as HTML
  Rendering layout layouts/application.html.erb
  Rendering home/index.html.erb within layouts/application
  Rendered home/index.html.erb within layouts/application (Duration: 0.3ms | Allocations: 123)
  Rendered home/_header.html.erb (Duration: 0.4ms | Allocations: 98)
  Rendered layout layouts/application.html.erb (Duration: 6.5ms | Allocations: 6499)
Completed 200 OK in 8ms (Views: 7.6ms | Allocations: 7347)


Started GET "/" for 127.0.0.1 at 2023-04-18 22:48:00 +0300
Processing by HomeController#index as HTML
  Rendering layout layouts/application.html.erb
  Rendering home/index.html.erb within layouts/application
  Rendered home/index.html.erb within layouts/application (Duration: 0.0ms | Allocations: 7)
  Rendered home/_header.html.erb (Duration: 0.0ms | Allocations: 9)
  Rendered layout layouts/application.html.erb (Duration: 14.3ms | Allocations: 5716)
Completed 200 OK in 15ms (Views: 14.7ms | Allocations: 5990)


Started GET "/" for 127.0.0.1 at 2023-04-18 22:48:23 +0300
Processing by HomeController#index as HTML
  Rendering layout layouts/application.html.erb
  Rendering home/index.html.erb within layouts/application
  Rendered home/index.html.erb within layouts/application (Duration: 2.1ms | Allocations: 123)
  Rendered home/_header.html.erb (Duration: 0.2ms | Allocations: 98)
  Rendered layout layouts/application.html.erb (Duration: 22.4ms | Allocations: 6479)
Completed 200 OK in 27ms (Views: 25.3ms | Allocations: 7309)


Started GET "/" for 127.0.0.1 at 2023-04-18 22:49:03 +0300
Processing by HomeController#index as HTML
  Rendering layout layouts/application.html.erb
  Rendering home/index.html.erb within layouts/application
  Rendered home/index.html.erb within layouts/application (Duration: 0.3ms | Allocations: 123)
  Rendered home/_header.html.erb (Duration: 0.3ms | Allocations: 129)
  Rendered layout layouts/application.html.erb (Duration: 38.5ms | Allocations: 6536)
Completed 200 OK in 42ms (Views: 39.5ms | Allocations: 7385)


Started GET "/" for 127.0.0.1 at 2023-04-18 22:49:48 +0300
Processing by HomeController#index as HTML
  Rendering layout layouts/application.html.erb
  Rendering home/index.html.erb within layouts/application
  Rendered home/index.html.erb within layouts/application (Duration: 0.4ms | Allocations: 123)
  Rendered home/_header.html.erb (Duration: 1.9ms | Allocations: 125)
  Rendered layout layouts/application.html.erb (Duration: 10.7ms | Allocations: 6622)
Completed 200 OK in 12ms (Views: 11.8ms | Allocations: 7474)


Started GET "/" for 127.0.0.1 at 2023-04-18 22:50:13 +0300
Processing by HomeController#index as HTML
  Rendering layout layouts/application.html.erb
  Rendering home/index.html.erb within layouts/application
  Rendered home/index.html.erb within layouts/application (Duration: 0.3ms | Allocations: 123)
  Rendered home/_header.html.erb (Duration: 0.4ms | Allocations: 125)
  Rendered layout layouts/application.html.erb (Duration: 7.3ms | Allocations: 6525)
Completed 200 OK in 10ms (Views: 9.0ms | Allocations: 7373)


Started GET "/" for 127.0.0.1 at 2023-04-18 22:50:25 +0300
Processing by HomeController#index as HTML
  Rendering layout layouts/application.html.erb
  Rendering home/index.html.erb within layouts/application
  Rendered home/index.html.erb within layouts/application (Duration: 0.2ms | Allocations: 124)
  Rendered home/_header.html.erb (Duration: 0.3ms | Allocations: 123)
  Rendered layout layouts/application.html.erb (Duration: 8.0ms | Allocations: 6516)
Completed 200 OK in 10ms (Views: 9.5ms | Allocations: 7364)


Started GET "/" for 127.0.0.1 at 2023-04-18 22:51:59 +0300
Processing by HomeController#index as HTML
  Rendering layout layouts/application.html.erb
  Rendering home/index.html.erb within layouts/application
  Rendered home/index.html.erb within layouts/application (Duration: 0.4ms | Allocations: 123)
  Rendered home/_header.html.erb (Duration: 0.7ms | Allocations: 698)
  Rendered layout layouts/application.html.erb (Duration: 6.8ms | Allocations: 7085)
Completed 200 OK in 8ms (Views: 8.0ms | Allocations: 7933)


Started GET "/" for 127.0.0.1 at 2023-04-18 22:52:20 +0300
Processing by HomeController#index as HTML
  Rendering layout layouts/application.html.erb
  Rendering home/index.html.erb within layouts/application
  Rendered home/index.html.erb within layouts/application (Duration: 0.2ms | Allocations: 123)
  Rendered home/_header.html.erb (Duration: 0.6ms | Allocations: 215)
  Rendered layout layouts/application.html.erb (Duration: 8.4ms | Allocations: 6594)
Completed 200 OK in 10ms (Views: 9.5ms | Allocations: 7442)


Started GET "/" for 127.0.0.1 at 2023-04-18 22:53:53 +0300
Processing by HomeController#index as HTML
  Rendering layout layouts/application.html.erb
  Rendering home/index.html.erb within layouts/application
  Rendered home/index.html.erb within layouts/application (Duration: 0.2ms | Allocations: 123)
  Rendered home/_header.html.erb (Duration: 0.4ms | Allocations: 218)
  Rendered layout layouts/application.html.erb (Duration: 8.2ms | Allocations: 6597)
Completed 200 OK in 10ms (Views: 9.5ms | Allocations: 7445)


Started GET "/" for 127.0.0.1 at 2023-04-18 22:54:06 +0300
Processing by HomeController#index as HTML
  Rendering layout layouts/application.html.erb
  Rendering home/index.html.erb within layouts/application
  Rendered home/index.html.erb within layouts/application (Duration: 0.2ms | Allocations: 123)
  Rendered home/_header.html.erb (Duration: 0.5ms | Allocations: 218)
  Rendered layout layouts/application.html.erb (Duration: 8.3ms | Allocations: 6624)
Completed 200 OK in 10ms (Views: 9.1ms | Allocations: 7473)


Started GET "/" for 127.0.0.1 at 2023-04-18 22:54:07 +0300
Processing by HomeController#index as HTML
  Rendering layout layouts/application.html.erb
  Rendering home/index.html.erb within layouts/application
  Rendered home/index.html.erb within layouts/application (Duration: 0.0ms | Allocations: 7)
  Rendered home/_header.html.erb (Duration: 0.1ms | Allocations: 54)
  Rendered layout layouts/application.html.erb (Duration: 6.0ms | Allocations: 5748)
Completed 200 OK in 7ms (Views: 6.4ms | Allocations: 6022)


Started GET "/" for 127.0.0.1 at 2023-04-18 22:54:08 +0300
Processing by HomeController#index as HTML
  Rendering layout layouts/application.html.erb
  Rendering home/index.html.erb within layouts/application
  Rendered home/index.html.erb within layouts/application (Duration: 0.0ms | Allocations: 7)
  Rendered home/_header.html.erb (Duration: 0.1ms | Allocations: 54)
  Rendered layout layouts/application.html.erb (Duration: 5.0ms | Allocations: 5781)
Completed 200 OK in 6ms (Views: 5.4ms | Allocations: 6037)


Started GET "/" for 127.0.0.1 at 2023-04-18 22:54:09 +0300
Processing by HomeController#index as HTML
  Rendering layout layouts/application.html.erb
  Rendering home/index.html.erb within layouts/application
  Rendered home/index.html.erb within layouts/application (Duration: 0.0ms | Allocations: 7)
  Rendered home/_header.html.erb (Duration: 0.1ms | Allocations: 54)
  Rendered layout layouts/application.html.erb (Duration: 6.1ms | Allocations: 5775)
Completed 200 OK in 7ms (Views: 6.5ms | Allocations: 6031)


Started GET "/" for 127.0.0.1 at 2023-04-18 22:57:17 +0300
Processing by HomeController#index as HTML
  Rendering layout layouts/application.html.erb
  Rendering home/index.html.erb within layouts/application
  Rendered home/index.html.erb within layouts/application (Duration: 0.7ms | Allocations: 334)
  Rendered home/_header.html.erb (Duration: 0.5ms | Allocations: 344)
  Rendered layout layouts/application.html.erb (Duration: 62.3ms | Allocations: 43943)
Completed 200 OK in 71ms (Views: 67.1ms | ActiveRecord: 0.0ms | Allocations: 47342)


Started GET "/home/about" for 127.0.0.1 at 2023-04-18 22:57:19 +0300
Processing by HomeController#about as HTML
  Rendering layout layouts/application.html.erb
  Rendering home/about.html.erb within layouts/application
  Rendered home/about.html.erb within layouts/application (Duration: 0.3ms | Allocations: 117)
  Rendered home/_header.html.erb (Duration: 0.2ms | Allocations: 104)
  Rendered layout layouts/application.html.erb (Duration: 6.7ms | Allocations: 6055)
Completed 200 OK in 7ms (Views: 7.1ms | ActiveRecord: 0.0ms | Allocations: 6455)


Started GET "/" for 127.0.0.1 at 2023-04-18 22:57:20 +0300
Processing by HomeController#index as HTML
  Rendering layout layouts/application.html.erb
  Rendering home/index.html.erb within layouts/application
  Rendered home/index.html.erb within layouts/application (Duration: 0.0ms | Allocations: 7)
  Rendered home/_header.html.erb (Duration: 0.1ms | Allocations: 92)
  Rendered layout layouts/application.html.erb (Duration: 5.6ms | Allocations: 5804)
Completed 200 OK in 6ms (Views: 5.9ms | ActiveRecord: 0.0ms | Allocations: 6067)


Started GET "/home/about" for 127.0.0.1 at 2023-04-18 22:57:21 +0300
Processing by HomeController#about as HTML
  Rendering layout layouts/application.html.erb
  Rendering home/about.html.erb within layouts/application
  Rendered home/about.html.erb within layouts/application (Duration: 0.0ms | Allocations: 7)
  Rendered home/_header.html.erb (Duration: 0.2ms | Allocations: 92)
  Rendered layout layouts/application.html.erb (Duration: 5.9ms | Allocations: 5806)
Completed 200 OK in 7ms (Views: 6.2ms | ActiveRecord: 0.0ms | Allocations: 6065)


Started GET "/" for 127.0.0.1 at 2023-04-18 22:57:22 +0300
Processing by HomeController#index as HTML
  Rendering layout layouts/application.html.erb
  Rendering home/index.html.erb within layouts/application
  Rendered home/index.html.erb within layouts/application (Duration: 0.0ms | Allocations: 7)
  Rendered home/_header.html.erb (Duration: 0.2ms | Allocations: 92)
  Rendered layout layouts/application.html.erb (Duration: 5.5ms | Allocations: 5801)
Completed 200 OK in 6ms (Views: 5.9ms | ActiveRecord: 0.0ms | Allocations: 6064)


Started GET "/" for 127.0.0.1 at 2023-04-18 22:57:59 +0300
Processing by HomeController#index as HTML
  Rendering layout layouts/application.html.erb
  Rendering home/index.html.erb within layouts/application
  Rendered home/index.html.erb within layouts/application (Duration: 0.7ms | Allocations: 123)
  Rendered home/_header.html.erb (Duration: 1.6ms | Allocations: 278)
  Rendered layout layouts/application.html.erb (Duration: 9.7ms | Allocations: 6661)
Completed 200 OK in 11ms (Views: 10.7ms | ActiveRecord: 0.0ms | Allocations: 7500)


  [1m[35m (7.6ms)[0m  [1m[35mCREATE TABLE "schema_migrations" ("version" varchar NOT NULL PRIMARY KEY)[0m
  [1m[35m (4.0ms)[0m  [1m[35mCREATE TABLE "ar_internal_metadata" ("key" varchar NOT NULL PRIMARY KEY, "value" varchar, "created_at" datetime(6) NOT NULL, "updated_at" datetime(6) NOT NULL)[0m
  [1m[36mActiveRecord::SchemaMigration Pluck (0.1ms)[0m  [1m[34mSELECT "schema_migrations"."version" FROM "schema_migrations" ORDER BY "schema_migrations"."version" ASC[0m
  [1m[36mActiveRecord::SchemaMigration Pluck (0.0ms)[0m  [1m[34mSELECT "schema_migrations"."version" FROM "schema_migrations" ORDER BY "schema_migrations"."version" ASC[0m
  [1m[36mActiveRecord::SchemaMigration Pluck (0.0ms)[0m  [1m[34mSELECT "schema_migrations"."version" FROM "schema_migrations" ORDER BY "schema_migrations"."version" ASC[0m
  [1m[36mActiveRecord::SchemaMigration Pluck (0.0ms)[0m  [1m[34mSELECT "schema_migrations"."version" FROM "schema_migrations" ORDER BY "schema_migrations"."version" ASC[0m
Started GET "/" for 127.0.0.1 at 2023-04-18 23:25:09 +0300
  [1m[36mActiveRecord::SchemaMigration Pluck (0.1ms)[0m  [1m[34mSELECT "schema_migrations"."version" FROM "schema_migrations" ORDER BY "schema_migrations"."version" ASC[0m
  [1m[36mCACHE ActiveRecord::SchemaMigration Pluck (0.0ms)[0m  [1m[34mSELECT "schema_migrations"."version" FROM "schema_migrations" ORDER BY "schema_migrations"."version" ASC[0m
  
ActiveRecord::PendingMigrationError (

Migrations are pending. To resolve this issue, run:

        bin/rails db:migrate RAILS_ENV=development

You have 1 pending migration:

20230418202110_create_requests.rb


):
  
activerecord (7.0.4.3) lib/active_record/migration.rb:627:in `check_pending!'
activerecord (7.0.4.3) lib/active_record/migration.rb:592:in `block (2 levels) in call'
activesupport (7.0.4.3) lib/active_support/file_update_checker.rb:83:in `execute'
activesupport (7.0.4.3) lib/active_support/file_update_checker.rb:93:in `execute_if_updated'
activerecord (7.0.4.3) lib/active_record/migration.rb:599:in `block in call'
activerecord (7.0.4.3) lib/active_record/migration.rb:589:in `synchronize'
activerecord (7.0.4.3) lib/active_record/migration.rb:589:in `call'
actionpack (7.0.4.3) lib/action_dispatch/middleware/callbacks.rb:27:in `block in call'
activesupport (7.0.4.3) lib/active_support/callbacks.rb:99:in `run_callbacks'
actionpack (7.0.4.3) lib/action_dispatch/middleware/callbacks.rb:26:in `call'
actionpack (7.0.4.3) lib/action_dispatch/middleware/executor.rb:14:in `call'
actionpack (7.0.4.3) lib/action_dispatch/middleware/actionable_exceptions.rb:17:in `call'
actionpack (7.0.4.3) lib/action_dispatch/middleware/debug_exceptions.rb:28:in `call'
web-console (4.2.0) lib/web_console/middleware.rb:132:in `call_app'
web-console (4.2.0) lib/web_console/middleware.rb:28:in `block in call'
web-console (4.2.0) lib/web_console/middleware.rb:17:in `catch'
web-console (4.2.0) lib/web_console/middleware.rb:17:in `call'
actionpack (7.0.4.3) lib/action_dispatch/middleware/show_exceptions.rb:26:in `call'
railties (7.0.4.3) lib/rails/rack/logger.rb:40:in `call_app'
railties (7.0.4.3) lib/rails/rack/logger.rb:25:in `block in call'
activesupport (7.0.4.3) lib/active_support/tagged_logging.rb:99:in `block in tagged'
activesupport (7.0.4.3) lib/active_support/tagged_logging.rb:37:in `tagged'
activesupport (7.0.4.3) lib/active_support/tagged_logging.rb:99:in `tagged'
railties (7.0.4.3) lib/rails/rack/logger.rb:25:in `call'
sprockets-rails (3.4.2) lib/sprockets/rails/quiet_assets.rb:13:in `call'
actionpack (7.0.4.3) lib/action_dispatch/middleware/remote_ip.rb:93:in `call'
actionpack (7.0.4.3) lib/action_dispatch/middleware/request_id.rb:26:in `call'
rack (2.2.6.4) lib/rack/method_override.rb:24:in `call'
rack (2.2.6.4) lib/rack/runtime.rb:22:in `call'
activesupport (7.0.4.3) lib/active_support/cache/strategy/local_cache_middleware.rb:29:in `call'
actionpack (7.0.4.3) lib/action_dispatch/middleware/server_timing.rb:61:in `block in call'
actionpack (7.0.4.3) lib/action_dispatch/middleware/server_timing.rb:26:in `collect_events'
actionpack (7.0.4.3) lib/action_dispatch/middleware/server_timing.rb:60:in `call'
actionpack (7.0.4.3) lib/action_dispatch/middleware/executor.rb:14:in `call'
actionpack (7.0.4.3) lib/action_dispatch/middleware/static.rb:23:in `call'
rack (2.2.6.4) lib/rack/sendfile.rb:110:in `call'
actionpack (7.0.4.3) lib/action_dispatch/middleware/host_authorization.rb:137:in `call'
railties (7.0.4.3) lib/rails/engine.rb:530:in `call'
puma (5.6.5) lib/puma/configuration.rb:252:in `call'
puma (5.6.5) lib/puma/request.rb:77:in `block in handle_request'
puma (5.6.5) lib/puma/thread_pool.rb:340:in `with_force_shutdown'
puma (5.6.5) lib/puma/request.rb:76:in `handle_request'
puma (5.6.5) lib/puma/server.rb:443:in `process_client'
puma (5.6.5) lib/puma/thread_pool.rb:147:in `block in spawn_thread'
Started GET "/" for 127.0.0.1 at 2023-04-18 23:25:57 +0300
  [1m[36mActiveRecord::SchemaMigration Pluck (0.0ms)[0m  [1m[34mSELECT "schema_migrations"."version" FROM "schema_migrations" ORDER BY "schema_migrations"."version" ASC[0m
  [1m[36mCACHE ActiveRecord::SchemaMigration Pluck (0.0ms)[0m  [1m[34mSELECT "schema_migrations"."version" FROM "schema_migrations" ORDER BY "schema_migrations"."version" ASC[0m
  
ActiveRecord::PendingMigrationError (

Migrations are pending. To resolve this issue, run:

        bin/rails db:migrate RAILS_ENV=development

You have 1 pending migration:

20230418202110_create_requests.rb


):
  
activerecord (7.0.4.3) lib/active_record/migration.rb:627:in `check_pending!'
activerecord (7.0.4.3) lib/active_record/migration.rb:592:in `block (2 levels) in call'
activesupport (7.0.4.3) lib/active_support/file_update_checker.rb:83:in `execute'
activerecord (7.0.4.3) lib/active_record/migration.rb:597:in `block in call'
activerecord (7.0.4.3) lib/active_record/migration.rb:589:in `synchronize'
activerecord (7.0.4.3) lib/active_record/migration.rb:589:in `call'
actionpack (7.0.4.3) lib/action_dispatch/middleware/callbacks.rb:27:in `block in call'
activesupport (7.0.4.3) lib/active_support/callbacks.rb:99:in `run_callbacks'
actionpack (7.0.4.3) lib/action_dispatch/middleware/callbacks.rb:26:in `call'
actionpack (7.0.4.3) lib/action_dispatch/middleware/executor.rb:14:in `call'
actionpack (7.0.4.3) lib/action_dispatch/middleware/actionable_exceptions.rb:17:in `call'
actionpack (7.0.4.3) lib/action_dispatch/middleware/debug_exceptions.rb:28:in `call'
web-console (4.2.0) lib/web_console/middleware.rb:132:in `call_app'
web-console (4.2.0) lib/web_console/middleware.rb:28:in `block in call'
web-console (4.2.0) lib/web_console/middleware.rb:17:in `catch'
web-console (4.2.0) lib/web_console/middleware.rb:17:in `call'
actionpack (7.0.4.3) lib/action_dispatch/middleware/show_exceptions.rb:26:in `call'
railties (7.0.4.3) lib/rails/rack/logger.rb:40:in `call_app'
railties (7.0.4.3) lib/rails/rack/logger.rb:25:in `block in call'
activesupport (7.0.4.3) lib/active_support/tagged_logging.rb:99:in `block in tagged'
activesupport (7.0.4.3) lib/active_support/tagged_logging.rb:37:in `tagged'
activesupport (7.0.4.3) lib/active_support/tagged_logging.rb:99:in `tagged'
railties (7.0.4.3) lib/rails/rack/logger.rb:25:in `call'
sprockets-rails (3.4.2) lib/sprockets/rails/quiet_assets.rb:13:in `call'
actionpack (7.0.4.3) lib/action_dispatch/middleware/remote_ip.rb:93:in `call'
actionpack (7.0.4.3) lib/action_dispatch/middleware/request_id.rb:26:in `call'
rack (2.2.6.4) lib/rack/method_override.rb:24:in `call'
rack (2.2.6.4) lib/rack/runtime.rb:22:in `call'
activesupport (7.0.4.3) lib/active_support/cache/strategy/local_cache_middleware.rb:29:in `call'
actionpack (7.0.4.3) lib/action_dispatch/middleware/server_timing.rb:61:in `block in call'
actionpack (7.0.4.3) lib/action_dispatch/middleware/server_timing.rb:26:in `collect_events'
actionpack (7.0.4.3) lib/action_dispatch/middleware/server_timing.rb:60:in `call'
actionpack (7.0.4.3) lib/action_dispatch/middleware/executor.rb:14:in `call'
actionpack (7.0.4.3) lib/action_dispatch/middleware/static.rb:23:in `call'
rack (2.2.6.4) lib/rack/sendfile.rb:110:in `call'
actionpack (7.0.4.3) lib/action_dispatch/middleware/host_authorization.rb:137:in `call'
railties (7.0.4.3) lib/rails/engine.rb:530:in `call'
puma (5.6.5) lib/puma/configuration.rb:252:in `call'
puma (5.6.5) lib/puma/request.rb:77:in `block in handle_request'
puma (5.6.5) lib/puma/thread_pool.rb:340:in `with_force_shutdown'
puma (5.6.5) lib/puma/request.rb:76:in `handle_request'
puma (5.6.5) lib/puma/server.rb:443:in `process_client'
puma (5.6.5) lib/puma/thread_pool.rb:147:in `block in spawn_thread'
  [1m[36mActiveRecord::SchemaMigration Pluck (0.1ms)[0m  [1m[34mSELECT "schema_migrations"."version" FROM "schema_migrations" ORDER BY "schema_migrations"."version" ASC[0m
Migrating to CreateRequests (20230418202110)
  [1m[36mTRANSACTION (0.0ms)[0m  [1m[36mbegin transaction[0m
  [1m[35m (0.2ms)[0m  [1m[35mCREATE TABLE "requests" ("id" integer PRIMARY KEY AUTOINCREMENT NOT NULL, "category" varchar, "first_name" varchar, "last_name" varchar, "email" varchar, "phone" varchar, "text_of_request" text, "created_at" datetime(6) NOT NULL, "updated_at" datetime(6) NOT NULL)[0m
  [1m[36mActiveRecord::SchemaMigration Create (0.5ms)[0m  [1m[32mINSERT INTO "schema_migrations" ("version") VALUES (?)[0m  [["version", "20230418202110"]]
  [1m[36mTRANSACTION (6.6ms)[0m  [1m[36mcommit transaction[0m
  [1m[36mActiveRecord::InternalMetadata Load (0.1ms)[0m  [1m[34mSELECT "ar_internal_metadata".* FROM "ar_internal_metadata" WHERE "ar_internal_metadata"."key" = ? LIMIT ?[0m  [["key", "environment"], ["LIMIT", 1]]
  [1m[36mTRANSACTION (0.0ms)[0m  [1m[36mbegin transaction[0m
  [1m[36mActiveRecord::InternalMetadata Create (0.2ms)[0m  [1m[32mINSERT INTO "ar_internal_metadata" ("key", "value", "created_at", "updated_at") VALUES (?, ?, ?, ?)[0m  [["key", "environment"], ["value", "development"], ["created_at", "2023-04-18 20:27:00.604229"], ["updated_at", "2023-04-18 20:27:00.604229"]]
  [1m[36mTRANSACTION (4.6ms)[0m  [1m[36mcommit transaction[0m
  [1m[36mActiveRecord::SchemaMigration Pluck (0.1ms)[0m  [1m[34mSELECT "schema_migrations"."version" FROM "schema_migrations" ORDER BY "schema_migrations"."version" ASC[0m
Started GET "/" for 127.0.0.1 at 2023-04-18 23:27:33 +0300
  [1m[36mActiveRecord::SchemaMigration Pluck (0.1ms)[0m  [1m[34mSELECT "schema_migrations"."version" FROM "schema_migrations" ORDER BY "schema_migrations"."version" ASC[0m
Processing by HomeController#index as HTML
  Rendering layout layouts/application.html.erb
  Rendering home/index.html.erb within layouts/application
  Rendered home/index.html.erb within layouts/application (Duration: 0.2ms | Allocations: 126)
  Rendered home/_header.html.erb (Duration: 0.6ms | Allocations: 286)
  Rendered layout layouts/application.html.erb (Duration: 15.1ms | Allocations: 18361)
Completed 200 OK in 17ms (Views: 16.0ms | ActiveRecord: 0.0ms | Allocations: 19351)


